 SCC_AUD_SE_11BEQ_COEF_T EqCoef = 
{
{ 
  { 
    0x00200000, 0x00200000,0x00200000,0x00200000,0x00200000,0x00200000,0x00200000,0x00200000, 
0xFFE25123, 0x003D8654, 0x001D3485, 0xFFC279AC, 0x00207A58, 
0xFFE03611, 0x003FC7A9, 0x001FBA1F, 0xFFC03857, 0x00200FCF, 
0xFFE92B6D, 0x003543C5, 0x00191E09, 0xFFCABC3B, 0x001DB689, 
0xFFE0C155, 0x003F0A3B, 0x001F5AE6, 0xFFC0F5C5, 0x001FE3C4, 
0xFFE06C0A, 0x003F8575, 0x001FA7E5, 0xFFC07A8B, 0x001FEC10, 
0xFFF3485A, 0x00283C00, 0x0012853A, 0xFFD7C400, 0x001A326C, 
0xFFEE351E, 0x002282B4, 0x00161176, 0xFFDD7D4C, 0x001BB96C, 
0x00000000, 0x00000000, 0x00000000, 0x00000000, 0x00200000, 
0xFFE010B9, 0x003FEE10, 0x001FF4AC, 0xFFC011F0, 0x001FFA9B, 
0x00000000, 0x00000000, 0x00000000, 0x00000000, 0x00200000, 
0xFFE30283, 0xFFC36EBD, 0x001C5E8E, 0x003C9143, 0x00209EEE, 

0xFFE08D8D, 0x003F71AA, 0x001F601F, 0xFFC08E56, 0x00201253, 
0xFFE03611, 0x003FC7A9, 0x001FBA1F, 0xFFC03857, 0x00200FCF, 
0xFFE92B6D, 0x003543C5, 0x00191E09, 0xFFCABC3B, 0x001DB689, 
0xFFE0C155, 0x003F0A3B, 0x001F5AE6, 0xFFC0F5C5, 0x001FE3C4, 
0xFFE06C0A, 0x003F8575, 0x001FA7E5, 0xFFC07A8B, 0x001FEC10, 
0xFFF3485A, 0x00283C00, 0x0012853A, 0xFFD7C400, 0x001A326C, 
0xFFEE351E, 0x002282B4, 0x00161176, 0xFFDD7D4C, 0x001BB96C, 
0x00000000, 0x00000000, 0x00000000, 0x00000000, 0x00200000, 
0xFFE010B9, 0x003FEE10, 0x001FF4AC, 0xFFC011F0, 0x001FFA9B, 
0x00000000, 0x00000000, 0x00000000, 0x00000000, 0x00200000, 
0xFFE30283, 0xFFC36EBD, 0x001C5E8E, 0x003C9143, 0x00209EEE, 

0x00000000, 0x00000000, 0x00000000, 0x00000000, 0x00200000, 
0x00000000, 0x00000000, 0x00000000, 0x00000000, 0x00200000, 
0x00000000, 0x00000000, 0x00000000, 0x00000000, 0x00200000, 
0x00000000, 0x00000000, 0x00000000, 0x00000000, 0x00200000, 
0x00000000, 0x00000000, 0x00000000, 0x00000000, 0x00200000, 
0x00000000, 0x00000000, 0x00000000, 0x00000000, 0x00200000, 
0x00000000, 0x00000000, 0x00000000, 0x00000000, 0x00200000, 
0x00000000, 0x00000000, 0x00000000, 0x00000000, 0x00200000, 
0x00000000, 0x00000000, 0x00000000, 0x00000000, 0x00200000, 
0x00000000, 0x00000000, 0x00000000, 0x00000000, 0x00200000, 
0x00000000, 0x00000000, 0x00000000, 0x00000000, 0x00200000, 

0x00000000, 0x00000000, 0x00000000, 0x00000000, 0x00200000, 
0x00000000, 0x00000000, 0x00000000, 0x00000000, 0x00200000, 
0x00000000, 0x00000000, 0x00000000, 0x00000000, 0x00200000, 
0x00000000, 0x00000000, 0x00000000, 0x00000000, 0x00200000, 
0x00000000, 0x00000000, 0x00000000, 0x00000000, 0x00200000, 
0x00000000, 0x00000000, 0x00000000, 0x00000000, 0x00200000, 
0x00000000, 0x00000000, 0x00000000, 0x00000000, 0x00200000, 
0x00000000, 0x00000000, 0x00000000, 0x00000000, 0x00200000, 
0x00000000, 0x00000000, 0x00000000, 0x00000000, 0x00200000, 
0x00000000, 0x00000000, 0x00000000, 0x00000000, 0x00200000, 
0x00000000, 0x00000000, 0x00000000, 0x00000000, 0x00200000, 

0x00000000, 0x00000000, 0x00000000, 0x00000000, 0x00200000, 
0x00000000, 0x00000000, 0x00000000, 0x00000000, 0x00200000, 
0x00000000, 0x00000000, 0x00000000, 0x00000000, 0x00200000, 
0x00000000, 0x00000000, 0x00000000, 0x00000000, 0x00200000, 
0x00000000, 0x00000000, 0x00000000, 0x00000000, 0x00200000, 
0x00000000, 0x00000000, 0x00000000, 0x00000000, 0x00200000, 
0x00000000, 0x00000000, 0x00000000, 0x00000000, 0x00200000, 
0x00000000, 0x00000000, 0x00000000, 0x00000000, 0x00200000, 
0x00000000, 0x00000000, 0x00000000, 0x00000000, 0x00200000, 
0x00000000, 0x00000000, 0x00000000, 0x00000000, 0x00200000, 
0x00000000, 0x00000000, 0x00000000, 0x00000000, 0x00200000, 

0x00000000, 0x00000000, 0x00000000, 0x00000000, 0x00200000, 
0x00000000, 0x00000000, 0x00000000, 0x00000000, 0x00200000, 
0x00000000, 0x00000000, 0x00000000, 0x00000000, 0x00200000, 
0x00000000, 0x00000000, 0x00000000, 0x00000000, 0x00200000, 
0x00000000, 0x00000000, 0x00000000, 0x00000000, 0x00200000, 
0x00000000, 0x00000000, 0x00000000, 0x00000000, 0x00200000, 
0x00000000, 0x00000000, 0x00000000, 0x00000000, 0x00200000, 
0x00000000, 0x00000000, 0x00000000, 0x00000000, 0x00200000, 
0x00000000, 0x00000000, 0x00000000, 0x00000000, 0x00200000, 
0x00000000, 0x00000000, 0x00000000, 0x00000000, 0x00200000, 
0x00000000, 0x00000000, 0x00000000, 0x00000000, 0x00200000, 

0x00000000, 0x00000000, 0x00000000, 0x00000000, 0x00200000, 
0x00000000, 0x00000000, 0x00000000, 0x00000000, 0x00200000, 
0x00000000, 0x00000000, 0x00000000, 0x00000000, 0x00200000, 
0x00000000, 0x00000000, 0x00000000, 0x00000000, 0x00200000, 
0x00000000, 0x00000000, 0x00000000, 0x00000000, 0x00200000, 
0x00000000, 0x00000000, 0x00000000, 0x00000000, 0x00200000, 
0x00000000, 0x00000000, 0x00000000, 0x00000000, 0x00200000, 
0x00000000, 0x00000000, 0x00000000, 0x00000000, 0x00200000, 
0x00000000, 0x00000000, 0x00000000, 0x00000000, 0x00200000, 
0x00000000, 0x00000000, 0x00000000, 0x00000000, 0x00200000, 
0x00000000, 0x00000000, 0x00000000, 0x00000000, 0x00200000, 

0x00000000, 0x00000000, 0x00000000, 0x00000000, 0x00200000, 
0x00000000, 0x00000000, 0x00000000, 0x00000000, 0x00200000, 
0x00000000, 0x00000000, 0x00000000, 0x00000000, 0x00200000, 
0x00000000, 0x00000000, 0x00000000, 0x00000000, 0x00200000, 
0x00000000, 0x00000000, 0x00000000, 0x00000000, 0x00200000, 
0x00000000, 0x00000000, 0x00000000, 0x00000000, 0x00200000, 
0x00000000, 0x00000000, 0x00000000, 0x00000000, 0x00200000, 
0x00000000, 0x00000000, 0x00000000, 0x00000000, 0x00200000, 
0x00000000, 0x00000000, 0x00000000, 0x00000000, 0x00200000, 
0x00000000, 0x00000000, 0x00000000, 0x00000000, 0x00200000, 
0x00000000, 0x00000000, 0x00000000, 0x00000000, 0x00200000, 

  },
  { 
    0x00200000, 0x00200000,0x00200000,0x00200000,0x00200000,0x00200000,0x00200000,0x00200000, 
0xFFE066F6, 0x003F98A1, 0x001F8BB6, 0xFFC0675F, 0x00200D54, 
0xFFE02745, 0x003FD788, 0x001FCD3F, 0xFFC02878, 0x00200B7B, 
0xFFE6F43E, 0x00382FB2, 0x001AC7C3, 0xFFC7D04E, 0x001E43FF, 
0xFFE08CD1, 0x003F577B, 0x001F87BF, 0xFFC0A885, 0x001FEB70, 
0xFFE04E8D, 0x003FA9CD, 0x001FBFF2, 0xFFC05633, 0x001FF181, 
0xFFEF714D, 0x002DF939, 0x0015346E, 0xFFD206C7, 0x001B5A44, 
0xFFEB77B4, 0x002BD24F, 0x0017FBC9, 0xFFD42DB1, 0x001C8C82, 
0x00000000, 0x00000000, 0x00000000, 0x00000000, 0x00200000, 
0xFFE00C24, 0x003FF339, 0x001FF7C7, 0xFFC00CC7, 0x001FFC15, 
0x00000000, 0x00000000, 0x00000000, 0x00000000, 0x00200000, 
0xFFF04554, 0xFFE4236E, 0x000C5F7E, 0x001BDC92, 0x00235B2D, 

0xFFE066F6, 0x003F98A1, 0x001F8BB6, 0xFFC0675F, 0x00200D54, 
0xFFE02745, 0x003FD788, 0x001FCD3F, 0xFFC02878, 0x00200B7B, 
0xFFE6F43E, 0x00382FB2, 0x001AC7C3, 0xFFC7D04E, 0x001E43FF, 
0xFFE08CD1, 0x003F577B, 0x001F87BF, 0xFFC0A885, 0x001FEB70, 
0xFFE04E8D, 0x003FA9CD, 0x001FBFF2, 0xFFC05633, 0x001FF181, 
0xFFEF714D, 0x002DF939, 0x0015346E, 0xFFD206C7, 0x001B5A44, 
0xFFEB77B4, 0x002BD24F, 0x0017FBC9, 0xFFD42DB1, 0x001C8C82, 
0x00000000, 0x00000000, 0x00000000, 0x00000000, 0x00200000, 
0xFFE00C24, 0x003FF339, 0x001FF7C7, 0xFFC00CC7, 0x001FFC15, 
0x00000000, 0x00000000, 0x00000000, 0x00000000, 0x00200000, 
0xFFF04554, 0xFFE4236E, 0x000C5F7E, 0x001BDC92, 0x00235B2D, 

0x00000000, 0x00000000, 0x00000000, 0x00000000, 0x00200000, 
0x00000000, 0x00000000, 0x00000000, 0x00000000, 0x00200000, 
0x00000000, 0x00000000, 0x00000000, 0x00000000, 0x00200000, 
0x00000000, 0x00000000, 0x00000000, 0x00000000, 0x00200000, 
0x00000000, 0x00000000, 0x00000000, 0x00000000, 0x00200000, 
0x00000000, 0x00000000, 0x00000000, 0x00000000, 0x00200000, 
0x00000000, 0x00000000, 0x00000000, 0x00000000, 0x00200000, 
0x00000000, 0x00000000, 0x00000000, 0x00000000, 0x00200000, 
0x00000000, 0x00000000, 0x00000000, 0x00000000, 0x00200000, 
0x00000000, 0x00000000, 0x00000000, 0x00000000, 0x00200000, 
0x00000000, 0x00000000, 0x00000000, 0x00000000, 0x00200000, 

0x00000000, 0x00000000, 0x00000000, 0x00000000, 0x00200000, 
0x00000000, 0x00000000, 0x00000000, 0x00000000, 0x00200000, 
0x00000000, 0x00000000, 0x00000000, 0x00000000, 0x00200000, 
0x00000000, 0x00000000, 0x00000000, 0x00000000, 0x00200000, 
0x00000000, 0x00000000, 0x00000000, 0x00000000, 0x00200000, 
0x00000000, 0x00000000, 0x00000000, 0x00000000, 0x00200000, 
0x00000000, 0x00000000, 0x00000000, 0x00000000, 0x00200000, 
0x00000000, 0x00000000, 0x00000000, 0x00000000, 0x00200000, 
0x00000000, 0x00000000, 0x00000000, 0x00000000, 0x00200000, 
0x00000000, 0x00000000, 0x00000000, 0x00000000, 0x00200000, 
0x00000000, 0x00000000, 0x00000000, 0x00000000, 0x00200000, 

0x00000000, 0x00000000, 0x00000000, 0x00000000, 0x00200000, 
0x00000000, 0x00000000, 0x00000000, 0x00000000, 0x00200000, 
0x00000000, 0x00000000, 0x00000000, 0x00000000, 0x00200000, 
0x00000000, 0x00000000, 0x00000000, 0x00000000, 0x00200000, 
0x00000000, 0x00000000, 0x00000000, 0x00000000, 0x00200000, 
0x00000000, 0x00000000, 0x00000000, 0x00000000, 0x00200000, 
0x00000000, 0x00000000, 0x00000000, 0x00000000, 0x00200000, 
0x00000000, 0x00000000, 0x00000000, 0x00000000, 0x00200000, 
0x00000000, 0x00000000, 0x00000000, 0x00000000, 0x00200000, 
0x00000000, 0x00000000, 0x00000000, 0x00000000, 0x00200000, 
0x00000000, 0x00000000, 0x00000000, 0x00000000, 0x00200000, 

0x00000000, 0x00000000, 0x00000000, 0x00000000, 0x00200000, 
0x00000000, 0x00000000, 0x00000000, 0x00000000, 0x00200000, 
0x00000000, 0x00000000, 0x00000000, 0x00000000, 0x00200000, 
0x00000000, 0x00000000, 0x00000000, 0x00000000, 0x00200000, 
0x00000000, 0x00000000, 0x00000000, 0x00000000, 0x00200000, 
0x00000000, 0x00000000, 0x00000000, 0x00000000, 0x00200000, 
0x00000000, 0x00000000, 0x00000000, 0x00000000, 0x00200000, 
0x00000000, 0x00000000, 0x00000000, 0x00000000, 0x00200000, 
0x00000000, 0x00000000, 0x00000000, 0x00000000, 0x00200000, 
0x00000000, 0x00000000, 0x00000000, 0x00000000, 0x00200000, 
0x00000000, 0x00000000, 0x00000000, 0x00000000, 0x00200000, 

0x00000000, 0x00000000, 0x00000000, 0x00000000, 0x00200000, 
0x00000000, 0x00000000, 0x00000000, 0x00000000, 0x00200000, 
0x00000000, 0x00000000, 0x00000000, 0x00000000, 0x00200000, 
0x00000000, 0x00000000, 0x00000000, 0x00000000, 0x00200000, 
0x00000000, 0x00000000, 0x00000000, 0x00000000, 0x00200000, 
0x00000000, 0x00000000, 0x00000000, 0x00000000, 0x00200000, 
0x00000000, 0x00000000, 0x00000000, 0x00000000, 0x00200000, 
0x00000000, 0x00000000, 0x00000000, 0x00000000, 0x00200000, 
0x00000000, 0x00000000, 0x00000000, 0x00000000, 0x00200000, 
0x00000000, 0x00000000, 0x00000000, 0x00000000, 0x00200000, 
0x00000000, 0x00000000, 0x00000000, 0x00000000, 0x00200000, 

0x00000000, 0x00000000, 0x00000000, 0x00000000, 0x00200000, 
0x00000000, 0x00000000, 0x00000000, 0x00000000, 0x00200000, 
0x00000000, 0x00000000, 0x00000000, 0x00000000, 0x00200000, 
0x00000000, 0x00000000, 0x00000000, 0x00000000, 0x00200000, 
0x00000000, 0x00000000, 0x00000000, 0x00000000, 0x00200000, 
0x00000000, 0x00000000, 0x00000000, 0x00000000, 0x00200000, 
0x00000000, 0x00000000, 0x00000000, 0x00000000, 0x00200000, 
0x00000000, 0x00000000, 0x00000000, 0x00000000, 0x00200000, 
0x00000000, 0x00000000, 0x00000000, 0x00000000, 0x00200000, 
0x00000000, 0x00000000, 0x00000000, 0x00000000, 0x00200000, 
0x00000000, 0x00000000, 0x00000000, 0x00000000, 0x00200000, 

  },
  { 
    0x00200000, 0x00200000,0x00200000,0x00200000,0x00200000,0x00200000,0x00200000,0x00200000, 
0xFFE05EA4, 0x003FA102, 0x001F951B, 0xFFC05EFE, 0x00200C40, 
0xFFE02416, 0x003FDAE7, 0x001FD15C, 0xFFC02519, 0x00200A8D, 
0xFFE67356, 0x0038D133, 0x001B2885, 0xFFC72ECD, 0x001E6425, 
0xFFE0817A, 0x003F671F, 0x001F916E, 0xFFC098E1, 0x001FED17, 
0xFFE04833, 0x003FB158, 0x001FC520, 0xFFC04EA8, 0x001FF2AD, 
0xFFEE80C9, 0x002F4543, 0x0015DC90, 0xFFD0BABD, 0x001BA2A6, 
0xFFEAC5BD, 0x002DBE7F, 0x00187831, 0xFFD24181, 0x001CC211, 
0x00000000, 0x00000000, 0x00000000, 0x00000000, 0x00200000, 
0xFFE00B27, 0x003FF44F, 0x001FF872, 0xFFC00BB1, 0x001FFC67, 
0x00000000, 0x00000000, 0x00000000, 0x00000000, 0x00200000, 
0xFFF19690, 0xFFEC04E9, 0x000AC8B3, 0x0013FB17, 0x0023A0BC, 

0xFFE05EA4, 0x003FA102, 0x001F951B, 0xFFC05EFE, 0x00200C40, 
0xFFE02416, 0x003FDAE7, 0x001FD15C, 0xFFC02519, 0x00200A8D, 
0xFFE67356, 0x0038D133, 0x001B2885, 0xFFC72ECD, 0x001E6425, 
0xFFE0817A, 0x003F671F, 0x001F916E, 0xFFC098E1, 0x001FED17, 
0xFFE04833, 0x003FB158, 0x001FC520, 0xFFC04EA8, 0x001FF2AD, 
0xFFEE80C9, 0x002F4543, 0x0015DC90, 0xFFD0BABD, 0x001BA2A6, 
0xFFEAC5BD, 0x002DBE7F, 0x00187831, 0xFFD24181, 0x001CC211, 
0x00000000, 0x00000000, 0x00000000, 0x00000000, 0x00200000, 
0xFFE00B27, 0x003FF44F, 0x001FF872, 0xFFC00BB1, 0x001FFC67, 
0x00000000, 0x00000000, 0x00000000, 0x00000000, 0x00200000, 
0xFFF19690, 0xFFEC04E9, 0x000AC8B3, 0x0013FB17, 0x0023A0BC, 

0x00000000, 0x00000000, 0x00000000, 0x00000000, 0x00200000, 
0x00000000, 0x00000000, 0x00000000, 0x00000000, 0x00200000, 
0x00000000, 0x00000000, 0x00000000, 0x00000000, 0x00200000, 
0x00000000, 0x00000000, 0x00000000, 0x00000000, 0x00200000, 
0x00000000, 0x00000000, 0x00000000, 0x00000000, 0x00200000, 
0x00000000, 0x00000000, 0x00000000, 0x00000000, 0x00200000, 
0x00000000, 0x00000000, 0x00000000, 0x00000000, 0x00200000, 
0x00000000, 0x00000000, 0x00000000, 0x00000000, 0x00200000, 
0x00000000, 0x00000000, 0x00000000, 0x00000000, 0x00200000, 
0x00000000, 0x00000000, 0x00000000, 0x00000000, 0x00200000, 
0x00000000, 0x00000000, 0x00000000, 0x00000000, 0x00200000, 

0x00000000, 0x00000000, 0x00000000, 0x00000000, 0x00200000, 
0x00000000, 0x00000000, 0x00000000, 0x00000000, 0x00200000, 
0x00000000, 0x00000000, 0x00000000, 0x00000000, 0x00200000, 
0x00000000, 0x00000000, 0x00000000, 0x00000000, 0x00200000, 
0x00000000, 0x00000000, 0x00000000, 0x00000000, 0x00200000, 
0x00000000, 0x00000000, 0x00000000, 0x00000000, 0x00200000, 
0x00000000, 0x00000000, 0x00000000, 0x00000000, 0x00200000, 
0x00000000, 0x00000000, 0x00000000, 0x00000000, 0x00200000, 
0x00000000, 0x00000000, 0x00000000, 0x00000000, 0x00200000, 
0x00000000, 0x00000000, 0x00000000, 0x00000000, 0x00200000, 
0x00000000, 0x00000000, 0x00000000, 0x00000000, 0x00200000, 

0x00000000, 0x00000000, 0x00000000, 0x00000000, 0x00200000, 
0x00000000, 0x00000000, 0x00000000, 0x00000000, 0x00200000, 
0x00000000, 0x00000000, 0x00000000, 0x00000000, 0x00200000, 
0x00000000, 0x00000000, 0x00000000, 0x00000000, 0x00200000, 
0x00000000, 0x00000000, 0x00000000, 0x00000000, 0x00200000, 
0x00000000, 0x00000000, 0x00000000, 0x00000000, 0x00200000, 
0x00000000, 0x00000000, 0x00000000, 0x00000000, 0x00200000, 
0x00000000, 0x00000000, 0x00000000, 0x00000000, 0x00200000, 
0x00000000, 0x00000000, 0x00000000, 0x00000000, 0x00200000, 
0x00000000, 0x00000000, 0x00000000, 0x00000000, 0x00200000, 
0x00000000, 0x00000000, 0x00000000, 0x00000000, 0x00200000, 

0x00000000, 0x00000000, 0x00000000, 0x00000000, 0x00200000, 
0x00000000, 0x00000000, 0x00000000, 0x00000000, 0x00200000, 
0x00000000, 0x00000000, 0x00000000, 0x00000000, 0x00200000, 
0x00000000, 0x00000000, 0x00000000, 0x00000000, 0x00200000, 
0x00000000, 0x00000000, 0x00000000, 0x00000000, 0x00200000, 
0x00000000, 0x00000000, 0x00000000, 0x00000000, 0x00200000, 
0x00000000, 0x00000000, 0x00000000, 0x00000000, 0x00200000, 
0x00000000, 0x00000000, 0x00000000, 0x00000000, 0x00200000, 
0x00000000, 0x00000000, 0x00000000, 0x00000000, 0x00200000, 
0x00000000, 0x00000000, 0x00000000, 0x00000000, 0x00200000, 
0x00000000, 0x00000000, 0x00000000, 0x00000000, 0x00200000, 

0x00000000, 0x00000000, 0x00000000, 0x00000000, 0x00200000, 
0x00000000, 0x00000000, 0x00000000, 0x00000000, 0x00200000, 
0x00000000, 0x00000000, 0x00000000, 0x00000000, 0x00200000, 
0x00000000, 0x00000000, 0x00000000, 0x00000000, 0x00200000, 
0x00000000, 0x00000000, 0x00000000, 0x00000000, 0x00200000, 
0x00000000, 0x00000000, 0x00000000, 0x00000000, 0x00200000, 
0x00000000, 0x00000000, 0x00000000, 0x00000000, 0x00200000, 
0x00000000, 0x00000000, 0x00000000, 0x00000000, 0x00200000, 
0x00000000, 0x00000000, 0x00000000, 0x00000000, 0x00200000, 
0x00000000, 0x00000000, 0x00000000, 0x00000000, 0x00200000, 
0x00000000, 0x00000000, 0x00000000, 0x00000000, 0x00200000, 

0x00000000, 0x00000000, 0x00000000, 0x00000000, 0x00200000, 
0x00000000, 0x00000000, 0x00000000, 0x00000000, 0x00200000, 
0x00000000, 0x00000000, 0x00000000, 0x00000000, 0x00200000, 
0x00000000, 0x00000000, 0x00000000, 0x00000000, 0x00200000, 
0x00000000, 0x00000000, 0x00000000, 0x00000000, 0x00200000, 
0x00000000, 0x00000000, 0x00000000, 0x00000000, 0x00200000, 
0x00000000, 0x00000000, 0x00000000, 0x00000000, 0x00200000, 
0x00000000, 0x00000000, 0x00000000, 0x00000000, 0x00200000, 
0x00000000, 0x00000000, 0x00000000, 0x00000000, 0x00200000, 
0x00000000, 0x00000000, 0x00000000, 0x00000000, 0x00200000, 
0x00000000, 0x00000000, 0x00000000, 0x00000000, 0x00200000, 

  }
}
};